<?xml version="1.0" encoding="UTF-8"?>
<!-- Generated by org.testng.reporters.JUnitXMLReporter -->
<testsuite hostname="ASHISH-DESKTOP" ignored="0" name="Default test" tests="4" failures="0" timestamp="30 Sep 2018 14:46:16 GMT" time="114.089" errors="0">
  <testcase name="FirstE2E" time="3.144" classname="ObjectRepository.AllTests"/>
  <testcase name="SecondE2E" time="9.575" classname="ObjectRepository.AllTests"/>
  <testcase name="LastE2E" time="9.617" classname="ObjectRepository.AllTests"/>
  <testcase name="AdditionalTest" time="12.526" classname="ObjectRepository.AllTests"/>
</testsuite> <!-- Default test -->
